#
# There is insufficient memory for the Java Runtime Environment to continue.
# Native memory allocation (malloc) failed to allocate 1062736 bytes for Chunk::new
# Possible reasons:
#   The system is out of physical RAM or swap space
#   In 32 bit mode, the process size limit was hit
# Possible solutions:
#   Reduce memory load on the system
#   Increase physical memory or swap space
#   Check if swap backing store is full
#   Use 64 bit Java on a 64 bit OS
#   Decrease Java heap size (-Xmx/-Xms)
#   Decrease number of Java threads
#   Decrease Java thread stack sizes (-Xss)
#   Set larger code cache with -XX:ReservedCodeCacheSize=
# This output file may be truncated or incomplete.
#
#  Out of Memory Error (allocation.cpp:390), pid=5804, tid=0x00000000000049a0
#
# JRE version: OpenJDK Runtime Environment (8.0) (build 1.8.0-adoptopenjdk-_2018_05_19_00_59-b00)
# Java VM: OpenJDK 64-Bit Server VM (25.71-b00 mixed mode windows-amd64 compressed oops)
# Failed to write core dump. Minidumps are not enabled by default on client versions of Windows
#

---------------  T H R E A D  ---------------

Current thread (0x000000001c8b2800):  JavaThread "C2 CompilerThread0" daemon [_thread_in_native, id=18848, stack(0x000000001e880000,0x000000001e980000)]

Stack: [0x000000001e880000,0x000000001e980000]
[error occurred during error reporting (printing stack bounds), id 0xc0000005]

Native frames: (J=compiled Java code, j=interpreted, Vv=VM code, C=native code)


Current CompileTask:
C2:    650  746       4       java.io.WinNTFileSystem::normalize (143 bytes)


---------------  P R O C E S S  ---------------

Java Threads: ( => current thread )
  0x000000001f384800 JavaThread "pool-1-thread-1" [_thread_blocked, id=4892, stack(0x0000000020550000,0x0000000020650000)]
  0x000000001e2e4000 JavaThread "Service Thread" daemon [_thread_blocked, id=12420, stack(0x000000001eb80000,0x000000001ec80000)]
  0x000000001e2cd000 JavaThread "C1 CompilerThread2" daemon [_thread_blocked, id=18460, stack(0x000000001ea80000,0x000000001eb80000)]
  0x000000001e2cc000 JavaThread "C2 CompilerThread1" daemon [_thread_in_native, id=13240, stack(0x000000001e980000,0x000000001ea80000)]
=>0x000000001c8b2800 JavaThread "C2 CompilerThread0" daemon [_thread_in_native, id=18848, stack(0x000000001e880000,0x000000001e980000)]
  0x000000001e2ca000 JavaThread "Attach Listener" daemon [_thread_blocked, id=19136, stack(0x000000001e780000,0x000000001e880000)]
  0x000000001c8be000 JavaThread "Signal Dispatcher" daemon [_thread_blocked, id=12564, stack(0x000000001e680000,0x000000001e780000)]
  0x000000001c88a800 JavaThread "Finalizer" daemon [_thread_blocked, id=18956, stack(0x000000001e120000,0x000000001e220000)]
  0x00000000034a6800 JavaThread "Reference Handler" daemon [_thread_blocked, id=13668, stack(0x000000001e020000,0x000000001e120000)]
  0x00000000033b2800 JavaThread "main" [_thread_in_native, id=8344, stack(0x0000000003280000,0x0000000003380000)]

Other Threads:
  0x000000001c865000 VMThread [stack: 0x000000001df20000,0x000000001e020000] [id=17996]
  0x000000001e2e5000 WatcherThread [stack: 0x000000001ec80000,0x000000001ed80000] [id=14568]

VM state:not at safepoint (normal execution)

VM Mutex/Monitor currently owned by a thread: None

Heap:
 PSYoungGen      total 74240K, used 55066K [0x000000076d980000, 0x0000000772c00000, 0x00000007c0000000)
  eden space 64000K, 86% used [0x000000076d980000,0x0000000770f46a90,0x0000000771800000)
  from space 10240K, 0% used [0x0000000772200000,0x0000000772200000,0x0000000772c00000)
  to   space 10240K, 0% used [0x0000000771800000,0x0000000771800000,0x0000000772200000)
 ParOldGen       total 169472K, used 0K [0x00000006c8c00000, 0x00000006d3180000, 0x000000076d980000)
  object space 169472K, 0% used [0x00000006c8c00000,0x00000006c8c00000,0x00000006d3180000)
 Metaspace       used 8788K, capacity 9138K, committed 9216K, reserved 1056768K
  class space    used 1152K, capacity 1240K, committed 1280K, reserved 1048576K

Card table byte_map: [0x0000000012870000,0x0000000013030000] byte_map_base: 0x000000000f22a000

Marking Bits: (ParMarkBitMap*) 0x000000007408be50
 Begin Bits: [0x0000000013b60000, 0x0000000017930000)
 End Bits:   [0x0000000017930000, 0x000000001b700000)

Polling page: 0x0000000002e80000

CodeCache: size=245760Kb used=3374Kb max_used=3379Kb free=242385Kb
 bounds [0x00000000034b0000, 0x0000000003800000, 0x00000000124b0000]
 total_blobs=1169 nmethods=860 adapters=223
 compilation: enabled

Compilation events (10 events):
Event: 0.624 Thread 0x000000001e2cd000  853       3       java.util.HashSet::isEmpty (8 bytes)
Event: 0.624 Thread 0x000000001e2cd000 nmethod 853 0x00000000037e98d0 code [0x00000000037e9a40, 0x00000000037e9cd0]
Event: 0.628 Thread 0x000000001e2cd000  854       3       java.util.HashSet::<init> (17 bytes)
Event: 0.628 Thread 0x000000001e2cd000 nmethod 854 0x00000000037e9d90 code [0x00000000037e9f40, 0x00000000037ea2e8]
Event: 0.628 Thread 0x000000001e2cd000  855       3       java.util.AbstractList::iterator (10 bytes)
Event: 0.628 Thread 0x000000001e2cd000 nmethod 855 0x00000000037ea490 code [0x00000000037ea600, 0x00000000037ea8f0]
Event: 0.630 Thread 0x000000001e2cd000  856       3       org.gradle.api.internal.classpath.DefaultModuleRegistry::getModules (51 bytes)
Event: 0.631 Thread 0x000000001e2cd000 nmethod 856 0x00000000037eaa50 code [0x00000000037eac40, 0x00000000037eb468]
Event: 0.631 Thread 0x000000001e2cd000  857       3       java.util.HashSet::contains (9 bytes)
Event: 0.631 Thread 0x000000001e2cd000 nmethod 857 0x00000000037eb990 code [0x00000000037ebb00, 0x00000000037ebd28]

GC Heap History (0 events):
No events

Deoptimization events (9 events):
Event: 0.212 Thread 0x00000000033b2800 Uncommon trap: reason=unstable_if action=reinterpret pc=0x000000000365b73c method=java.lang.String.toLowerCase(Ljava/util/Locale;)Ljava/lang/String; @ 85
Event: 0.334 Thread 0x00000000033b2800 Uncommon trap: reason=unstable_if action=reinterpret pc=0x00000000036c2758 method=java.lang.String.indexOf([CII[CIII)I @ 3
Event: 0.381 Thread 0x00000000033b2800 Uncommon trap: reason=unstable_if action=reinterpret pc=0x000000000365c5c8 method=java.util.regex.Matcher.reset()Ljava/util/regex/Matcher; @ 47
Event: 0.381 Thread 0x00000000033b2800 Uncommon trap: reason=class_check action=maybe_recompile pc=0x000000000366fc34 method=java.util.regex.Matcher.match(II)Z @ 86
Event: 0.381 Thread 0x00000000033b2800 Uncommon trap: reason=class_check action=maybe_recompile pc=0x000000000366fc34 method=java.util.regex.Matcher.match(II)Z @ 86
Event: 0.382 Thread 0x00000000033b2800 Uncommon trap: reason=class_check action=maybe_recompile pc=0x000000000366fc34 method=java.util.regex.Matcher.match(II)Z @ 86
Event: 0.382 Thread 0x00000000033b2800 Uncommon trap: reason=class_check action=maybe_recompile pc=0x000000000366fc34 method=java.util.regex.Matcher.match(II)Z @ 86
Event: 0.411 Thread 0x00000000033b2800 Uncommon trap: reason=unstable_if action=reinterpret pc=0x00000000037032c8 method=sun.misc.MetaIndex.mayContain(Ljava/lang/String;)Z @ 38
Event: 0.509 Thread 0x00000000033b2800 Uncommon trap: reason=unstable_if action=reinterpret pc=0x000000000374044c method=java.util.HashMap.hash(Ljava/lang/Object;)I @ 1

Classes redefined (0 events):
No events

Internal exceptions (10 events):
Event: 0.524 Thread 0x00000000033b2800 Exception <a 'java/lang/ArrayIndexOutOfBoundsException'> (0x000000076f89fe50) thrown at [C:\Users\jenkins\workspace\openjdk8_build_x86-64_windows\openjdk\hotspot\src\share\vm\runtime\sharedRuntime.cpp, line 605]
Event: 0.525 Thread 0x00000000033b2800 Exception <a 'java/lang/ArrayIndexOutOfBoundsException'> (0x000000076f8ad4d8) thrown at [C:\Users\jenkins\workspace\openjdk8_build_x86-64_windows\openjdk\hotspot\src\share\vm\runtime\sharedRuntime.cpp, line 605]
Event: 0.525 Thread 0x00000000033b2800 Exception <a 'java/lang/ArrayIndexOutOfBoundsException'> (0x000000076f8b02f8) thrown at [C:\Users\jenkins\workspace\openjdk8_build_x86-64_windows\openjdk\hotspot\src\share\vm\runtime\sharedRuntime.cpp, line 605]
Event: 0.525 Thread 0x00000000033b2800 Exception <a 'java/lang/ArrayIndexOutOfBoundsException'> (0x000000076f8bc3c8) thrown at [C:\Users\jenkins\workspace\openjdk8_build_x86-64_windows\openjdk\hotspot\src\share\vm\runtime\sharedRuntime.cpp, line 605]
Event: 0.525 Thread 0x00000000033b2800 Exception <a 'java/lang/ArrayIndexOutOfBoundsException'> (0x000000076f8c9b50) thrown at [C:\Users\jenkins\workspace\openjdk8_build_x86-64_windows\openjdk\hotspot\src\share\vm\runtime\sharedRuntime.cpp, line 605]
Event: 0.525 Thread 0x00000000033b2800 Exception <a 'java/lang/ArrayIndexOutOfBoundsException'> (0x000000076f8d4bc8) thrown at [C:\Users\jenkins\workspace\openjdk8_build_x86-64_windows\openjdk\hotspot\src\share\vm\runtime\sharedRuntime.cpp, line 605]
Event: 0.525 Thread 0x00000000033b2800 Exception <a 'java/lang/ArrayIndexOutOfBoundsException'> (0x000000076f8d6d50) thrown at [C:\Users\jenkins\workspace\openjdk8_build_x86-64_windows\openjdk\hotspot\src\share\vm\runtime\sharedRuntime.cpp, line 605]
Event: 0.526 Thread 0x00000000033b2800 Exception <a 'java/lang/ArrayIndexOutOfBoundsException'> (0x000000076f8d95e0) thrown at [C:\Users\jenkins\workspace\openjdk8_build_x86-64_windows\openjdk\hotspot\src\share\vm\runtime\sharedRuntime.cpp, line 605]
Event: 0.526 Thread 0x00000000033b2800 Exception <a 'java/lang/ArrayIndexOutOfBoundsException'> (0x000000076f8dbd90) thrown at [C:\Users\jenkins\workspace\openjdk8_build_x86-64_windows\openjdk\hotspot\src\share\vm\runtime\sharedRuntime.cpp, line 605]
Event: 0.526 Thread 0x00000000033b2800 Exception <a 'java/lang/ArrayIndexOutOfBoundsException'> (0x000000076f8ddac0) thrown at [C:\Users\jenkins\workspace\openjdk8_build_x86-64_windows\openjdk\hotspot\src\share\vm\runtime\sharedRuntime.cpp, line 605]

Events (10 events):
Event: 0.585 loading class com/google/common/collect/ImmutableEnumSet
Event: 0.585 loading class com/google/common/collect/ImmutableEnumSet done
Event: 0.585 loading class com/google/common/collect/Sets$3
Event: 0.585 loading class com/google/common/collect/Sets$3 done
Event: 0.586 loading class org/gradle/api/internal/classpath/DefaultModuleRegistry
Event: 0.586 loading class org/gradle/api/internal/classpath/DefaultModuleRegistry done
Event: 0.587 loading class org/gradle/util/GUtil
Event: 0.587 loading class org/gradle/util/GUtil done
Event: 0.588 loading class org/gradle/api/internal/classpath/DefaultModuleRegistry$DefaultModule
Event: 0.588 loading class org/gradle/api/internal/classpath/DefaultModuleRegistry$DefaultModule done


Dynamic libraries:
0x00007ff632770000 - 0x00007ff6327a5000 	E:\unity\2020.3.25f1c1\Editor\Data\PlaybackEngines\AndroidPlayer\OpenJDK\bin\java.exe
0x00007fff809d0000 - 0x00007fff80b9f000 	C:\Windows\SYSTEM32\ntdll.dll
0x00007fff7fe10000 - 0x00007fff7febc000 	C:\Windows\System32\KERNEL32.DLL
0x00007fff7cf40000 - 0x00007fff7d15e000 	C:\Windows\System32\KERNELBASE.dll
0x00007fff7e3a0000 - 0x00007fff7e442000 	C:\Windows\System32\ADVAPI32.dll
0x00007fff7fc10000 - 0x00007fff7fcae000 	C:\Windows\System32\msvcrt.dll
0x00007fff7ff30000 - 0x00007fff7ff89000 	C:\Windows\System32\sechost.dll
0x00007fff80000000 - 0x00007fff8011f000 	C:\Windows\System32\RPCRT4.dll
0x00007fff80860000 - 0x00007fff809c6000 	C:\Windows\System32\USER32.dll
0x00007fff7db10000 - 0x00007fff7db2e000 	C:\Windows\System32\win32u.dll
0x00007fff80700000 - 0x00007fff80734000 	C:\Windows\System32\GDI32.dll
0x00007fff7dc80000 - 0x00007fff7de03000 	C:\Windows\System32\gdi32full.dll
0x00007fff6f130000 - 0x00007fff6f3aa000 	C:\Windows\WinSxS\amd64_microsoft.windows.common-controls_6595b64144ccf1df_6.0.14393.4169_none_7de0bbf28341b1f2\COMCTL32.dll
0x00007fff80290000 - 0x00007fff80556000 	C:\Windows\System32\combase.dll
0x00007fff7d160000 - 0x00007fff7d254000 	C:\Windows\System32\ucrtbase.dll
0x00007fff7ced0000 - 0x00007fff7cf3b000 	C:\Windows\System32\bcryptPrimitives.dll
0x00007fff80120000 - 0x00007fff8014e000 	C:\Windows\System32\IMM32.DLL
0x00000000753a0000 - 0x0000000075472000 	E:\unity\2020.3.25f1c1\Editor\Data\PlaybackEngines\AndroidPlayer\OpenJDK\jre\bin\msvcr100.dll
0x00000000738c0000 - 0x0000000074109000 	E:\unity\2020.3.25f1c1\Editor\Data\PlaybackEngines\AndroidPlayer\OpenJDK\jre\bin\server\jvm.dll
0x00007fff7fc00000 - 0x00007fff7fc08000 	C:\Windows\System32\PSAPI.DLL
0x00007fff7ac00000 - 0x00007fff7ac09000 	C:\Windows\SYSTEM32\WSOCK32.dll
0x00007fff7b3b0000 - 0x00007fff7b3d3000 	C:\Windows\SYSTEM32\WINMM.dll
0x00007fff79410000 - 0x00007fff7941a000 	C:\Windows\SYSTEM32\VERSION.dll
0x00007fff7fec0000 - 0x00007fff7ff2a000 	C:\Windows\System32\WS2_32.dll
0x00007fff7b240000 - 0x00007fff7b26b000 	C:\Windows\SYSTEM32\WINMMBASE.dll
0x00007fff7de70000 - 0x00007fff7deb2000 	C:\Windows\System32\cfgmgr32.dll
0x00007fff50c80000 - 0x00007fff50c8f000 	E:\unity\2020.3.25f1c1\Editor\Data\PlaybackEngines\AndroidPlayer\OpenJDK\jre\bin\verify.dll
0x00007fff320f0000 - 0x00007fff32119000 	E:\unity\2020.3.25f1c1\Editor\Data\PlaybackEngines\AndroidPlayer\OpenJDK\jre\bin\java.dll
0x00007fff320d0000 - 0x00007fff320e6000 	E:\unity\2020.3.25f1c1\Editor\Data\PlaybackEngines\AndroidPlayer\OpenJDK\jre\bin\zip.dll
0x00007fff7e680000 - 0x00007fff7fb85000 	C:\Windows\System32\SHELL32.dll
0x00007fff7d430000 - 0x00007fff7db03000 	C:\Windows\System32\windows.storage.dll
0x00007fff7ce60000 - 0x00007fff7ceac000 	C:\Windows\System32\powrprof.dll
0x00007fff7ff90000 - 0x00007fff7ffe2000 	C:\Windows\System32\shlwapi.dll
0x00007fff7ceb0000 - 0x00007fff7cebf000 	C:\Windows\System32\kernel.appcore.dll
0x00007fff7dec0000 - 0x00007fff7df68000 	C:\Windows\System32\shcore.dll
0x00007fff7ce40000 - 0x00007fff7ce54000 	C:\Windows\System32\profapi.dll
0x00007fff320b0000 - 0x00007fff320ca000 	E:\unity\2020.3.25f1c1\Editor\Data\PlaybackEngines\AndroidPlayer\OpenJDK\jre\bin\net.dll
0x00007fff7c730000 - 0x00007fff7c78d000 	C:\Windows\system32\mswsock.dll
0x00007fff32090000 - 0x00007fff320a1000 	E:\unity\2020.3.25f1c1\Editor\Data\PlaybackEngines\AndroidPlayer\OpenJDK\jre\bin\nio.dll
0x00007fff32060000 - 0x00007fff32086000 	C:\Users\Administrator\.gradle\native\31\windows-amd64\native-platform.dll
0x00007fff32050000 - 0x00007fff3205d000 	E:\unity\2020.3.25f1c1\Editor\Data\PlaybackEngines\AndroidPlayer\OpenJDK\jre\bin\management.dll

VM Arguments:
jvm_args: -Dfile.encoding=UTF-8 
java_command: org.gradle.launcher.GradleMain -Dorg.gradle.jvmargs=-Xmx4096m --stop
java_class_path (initial): E:\unity\2020.3.25f1c1\Editor\Data\PlaybackEngines\AndroidPlayer\Tools\gradle\lib\gradle-launcher-6.1.1.jar
Launcher Type: SUN_STANDARD

Environment Variables:
JAVA_HOME=E:\unity\2020.3.25f1c1\Editor\Data\PlaybackEngines\AndroidPlayer\OpenJDK
JAVA_TOOL_OPTIONS=-Dfile.encoding=UTF-8
PATH=E:\Program Files\PlasticSCM5\server;E:\Program Files\PlasticSCM5\client;C:\Program Files (x86)\Common Files\NetSarang;C:\Windows\system32;C:\Windows;C:\Windows\System32\Wbem;C:\Windows\System32\WindowsPowerShell\v1.0\;C:\Program Files (x86)\Common Files\microsoft shared\TigerKin;C:\Program Files\Microsoft SQL Server\110\Tools\Binn\;C:\Program Files\PuTTY\;D:\Go\bin;C:\Program Files\Java\jdk1.8.0_202\bin;C:\Program Files\Java\jdk1.8.0_202\jre\bin;D:\client\flutter\bin;C:\Program Files\Git\cmd;D:\Program Files\nodejs\;C:\Program Files\dotnet\;C:\Program Files\gettext-iconv\bin;C:\Users\Administrator\AppData\Local\Yarn\bin;C:\Program Files\TortoiseSVN\bin;C:\Program Files (x86)\GtkSharp\2.12\bin;E:\gamedev\cocos2d-x\templates;E:\gamedev\cocos2d-x\tools\cocos2d-console\bin;C:\Users\Administrator\AppData\Local\Microsoft\WindowsApps;C:\Users\Administrator\AppData\Local\BypassRuntm;D:\wwwroot\go\bin;C:\Users\Administrator\AppData\Local\Programs\Microsoft VS Code\bin;C:\Users\Administrator\AppData\Roaming\npm;C:\Program Files\Mono\bin;C:\Users\Administrator\.dotnet\tools;C:\Program Files (x86)\Vim\vim82;C:\Program Files\TortoiseSVN\bin;C:\Python27;C:\Python27\Scripts;E:\cmake\bin
USERNAME=Administrator
OS=Windows_NT
PROCESSOR_IDENTIFIER=Intel64 Family 6 Model 158 Stepping 10, GenuineIntel



---------------  S Y S T E M  ---------------

OS: Windows 10.0 , 64 bit Build 14393 (10.0.14393.4350)

CPU:total 6 (initial active 6) (6 cores per cpu, 1 threads per core) family 6 model 158 stepping 10, cmov, cx8, fxsr, mmx, sse, sse2, sse3, ssse3, sse4.1, sse4.2, popcnt, avx, avx2, aes, clmul, erms, rtm, 3dnowpref, lzcnt, tsc, tscinvbit, bmi1, bmi2, adx

Memory: 4k page, physical 16201748k(2746424k free), swap 16201748k(5668k free)

vm_info: OpenJDK 64-Bit Server VM (25.71-b00) for windows-amd64 JRE (1.8.0-adoptopenjdk-_2018_05_19_00_59-b00), built on May 19 2018 01:02:12 by "jenkins" with MS VC++ 10.0 (VS2010)

time: Sun Jan 23 12:22:13 2022
elapsed time: 0 seconds (0d 0h 0m 0s)

